-------------------------------------------------------------------------------
Test set: com.example.demo.TestProjectApplicationTests
-------------------------------------------------------------------------------
Tests run: 1, Failures: 0, Errors: 1, Skipped: 0, Time elapsed: 2.734 s <<< FAILURE! - in com.example.demo.TestProjectApplicationTests
contextLoads(com.example.demo.TestProjectApplicationTests)  Time elapsed: 2.722 s  <<< ERROR!
org.springframework.beans.factory.BeanCreationException: 
Error creating bean with name 'entityManagerFactory' defined in class path resource [org/springframework/boot/autoconfigure/orm/jpa/HibernateJpaConfiguration.class]: Initialization of bean failed; nested exception is org.springframework.jdbc.datasource.init.ScriptStatementFailedException: Failed to execute SQL script statement #1 of URL [file:/home/manikanthg/git/banking/target/classes/data.sql]: INSERT INTO COUNTERS (counter_name, service_type, counter_service) VALUES ('priority_deposit', 'priority', 'deposit'); nested exception is org.h2.jdbc.JdbcSQLDataException: Data conversion error converting "'priority' (COUNTERS: ""SERVICE_TYPE"" INTEGER)"; SQL statement:
INSERT INTO COUNTERS (counter_name, service_type, counter_service) VALUES ('priority_deposit', 'priority', 'deposit') -- ('priority_deposit', 'priority', 'deposit') [22018-199]
	at com.example.demo.TestProjectApplicationTests.contextLoads(TestProjectApplicationTests.java:14)
Caused by: org.springframework.jdbc.datasource.init.ScriptStatementFailedException: 
Failed to execute SQL script statement #1 of URL [file:/home/manikanthg/git/banking/target/classes/data.sql]: INSERT INTO COUNTERS (counter_name, service_type, counter_service) VALUES ('priority_deposit', 'priority', 'deposit'); nested exception is org.h2.jdbc.JdbcSQLDataException: Data conversion error converting "'priority' (COUNTERS: ""SERVICE_TYPE"" INTEGER)"; SQL statement:
INSERT INTO COUNTERS (counter_name, service_type, counter_service) VALUES ('priority_deposit', 'priority', 'deposit') -- ('priority_deposit', 'priority', 'deposit') [22018-199]
	at com.example.demo.TestProjectApplicationTests.contextLoads(TestProjectApplicationTests.java:14)
Caused by: org.h2.jdbc.JdbcSQLDataException: 
Data conversion error converting "'priority' (COUNTERS: ""SERVICE_TYPE"" INTEGER)"; SQL statement:
INSERT INTO COUNTERS (counter_name, service_type, counter_service) VALUES ('priority_deposit', 'priority', 'deposit') -- ('priority_deposit', 'priority', 'deposit') [22018-199]
	at com.example.demo.TestProjectApplicationTests.contextLoads(TestProjectApplicationTests.java:14)
Caused by: org.h2.message.DbException: Data conversion error converting "priority" [22018-199]
	at com.example.demo.TestProjectApplicationTests.contextLoads(TestProjectApplicationTests.java:14)
Caused by: org.h2.jdbc.JdbcSQLDataException: Data conversion error converting "priority" [22018-199]
	at com.example.demo.TestProjectApplicationTests.contextLoads(TestProjectApplicationTests.java:14)
Caused by: java.lang.NumberFormatException: For input string: "priority"
	at com.example.demo.TestProjectApplicationTests.contextLoads(TestProjectApplicationTests.java:14)

